[0.164s] Invoking command in '/home/sami/assignment2-ros2/build/interfaces': CMAKE_PREFIX_PATH=${CMAKE_PREFIX_PATH}:/home/sami/assignment2-ros2/install/action_service:/home/sami/Documents/ros2-assignment2/install/action_service:/opt/ros/humble /usr/bin/cmake --build /home/sami/assignment2-ros2/build/interfaces -- -j8 -l8
[0.179s] -- Found ament_cmake: 1.3.9 (/opt/ros/humble/share/ament_cmake/cmake)
[0.261s] -- Found rosidl_default_generators: 1.2.0 (/opt/ros/humble/share/rosidl_default_generators/cmake)
[0.262s] -- Using all available rosidl_typesupport_c: rosidl_typesupport_fastrtps_c;rosidl_typesupport_introspection_c
[0.263s] -- Found rosidl_adapter: 3.1.5 (/opt/ros/humble/share/rosidl_adapter/cmake)
[0.282s] -- Using all available rosidl_typesupport_cpp: rosidl_typesupport_fastrtps_cpp;rosidl_typesupport_introspection_cpp
[0.410s] [31mCMake Error at /opt/ros/humble/share/rosidl_adapter/cmake/rosidl_adapt_interfaces.cmake:59 (message):
[0.410s]   execute_process(/usr/bin/python3 -m rosidl_adapter --package-name
[0.410s]   interfaces --arguments-file
[0.410s]   /home/sami/assignment2-ros2/build/interfaces/rosidl_adapter__arguments__interfaces.json
[0.411s]   --output-dir
[0.411s]   /home/sami/assignment2-ros2/build/interfaces/rosidl_adapter/interfaces
[0.411s]   --output-file
[0.411s]   /home/sami/assignment2-ros2/build/interfaces/rosidl_adapter/interfaces.idls)
[0.411s]   returned error code 1:
[0.411s] 
[0.411s]   Traceback (most recent call last):
[0.411s] 
[0.411s]     File "/usr/lib/python3.10/runpy.py", line 196, in _run_module_as_main
[0.411s]       return _run_code(code, main_globals, None,
[0.411s]     File "/usr/lib/python3.10/runpy.py", line 86, in _run_code
[0.411s]       exec(code, run_globals)
[0.411s]     File "/opt/ros/humble/local/lib/python3.10/dist-packages/rosidl_adapter/__main__.py", line 19, in <module>
[0.411s]       sys.exit(main())
[0.411s]     File "/opt/ros/humble/local/lib/python3.10/dist-packages/rosidl_adapter/main.py", line 53, in main
[0.412s]       abs_idl_file = convert_to_idl(
[0.412s]     File "/opt/ros/humble/local/lib/python3.10/dist-packages/rosidl_adapter/__init__.py", line 29, in convert_to_idl
[0.412s]       return convert_action_to_idl(
[0.412s]     File "/opt/ros/humble/local/lib/python3.10/dist-packages/rosidl_adapter/action/__init__.py", line 28, in convert_action_to_idl
[0.412s]       action = parse_action_string(package_name, input_file.stem, content)
[0.412s]     File "/opt/ros/humble/local/lib/python3.10/dist-packages/rosidl_adapter/parser.py", line 894, in parse_action_string
[0.412s]       raise InvalidActionSpecification(
[0.412s] 
[0.412s]   rosidl_adapter.parser.InvalidActionSpecification: Number of '---'
[0.412s]   separators nonconformant with action definition
[0.412s] 
[0.412s] Call Stack (most recent call first):
[0.412s]   /opt/ros/humble/share/rosidl_cmake/cmake/rosidl_generate_interfaces.cmake:130 (rosidl_adapt_interfaces)
[0.412s]   CMakeLists.txt:15 (rosidl_generate_interfaces)
[0.412s] 
[0.412s] [0m
[0.412s] -- Configuring incomplete, errors occurred!
[0.413s] See also "/home/sami/assignment2-ros2/build/interfaces/CMakeFiles/CMakeOutput.log".
[0.415s] gmake: *** [Makefile:963: cmake_check_build_system] Error 1
[0.417s] Invoked command in '/home/sami/assignment2-ros2/build/interfaces' returned '2': CMAKE_PREFIX_PATH=${CMAKE_PREFIX_PATH}:/home/sami/assignment2-ros2/install/action_service:/home/sami/Documents/ros2-assignment2/install/action_service:/opt/ros/humble /usr/bin/cmake --build /home/sami/assignment2-ros2/build/interfaces -- -j8 -l8
